#
# There is insufficient memory for the Java Runtime Environment to continue.
# Native memory allocation (malloc) failed to allocate 57632 bytes for Chunk::new
# Possible reasons:
#   The system is out of physical RAM or swap space
#   The process is running with CompressedOops enabled, and the Java Heap may be blocking the growth of the native heap
# Possible solutions:
#   Reduce memory load on the system
#   Increase physical memory or swap space
#   Check if swap backing store is full
#   Decrease Java heap size (-Xmx/-Xms)
#   Decrease number of Java threads
#   Decrease Java thread stack sizes (-Xss)
#   Set larger code cache with -XX:ReservedCodeCacheSize=
#   JVM is running with Unscaled Compressed Oops mode in which the Java heap is
#     placed in the first 4GB address space. The Java Heap base address is the
#     maximum limit for the native heap growth. Please use -XX:HeapBaseMinAddress
#     to set the Java Heap base and to place the Java Heap above 4GB virtual address.
# This output file may be truncated or incomplete.
#
#  Out of Memory Error (./open/src/hotspot/share/memory/arena.cpp:195), pid=5392, tid=6852
#
# JRE version: Java(TM) SE Runtime Environment (15.0.1+9) (build 15.0.1+9-18)
# Java VM: Java HotSpot(TM) 64-Bit Server VM (15.0.1+9-18, mixed mode, sharing, tiered, compressed oops, g1 gc, windows-amd64)
# No core dump will be written. Minidumps are not enabled by default on client versions of Windows
#

---------------  S U M M A R Y ------------

Command Line: -ea -Dtestng.dtd.http=true -Dfile.encoding=Cp1252 -XX:+ShowCodeDetailsInExceptionMessages org.testng.remote.RemoteTestNG -serport 50785 -protocol json -d H:\SELENIUM_WORK\NaveenAutomations\AutomationLearning\JavaSeleniumProgramsForAutomation\test-output H:\SELENIUM_WORK\NaveenAutomations\AutomationLearning\JavaSeleniumProgramsForAutomation\testng.xml

Host: Intel(R) Core(TM) i3-2310M CPU @ 2.10GHz, 4 cores, 3G,  Windows 7 , 64 bit Build 7601 (6.1.7601.24545)
Time: Sat Feb 19 20:41:52 2022 India Standard Time elapsed time: 14.351421 seconds (0d 0h 0m 14s)

---------------  T H R E A D  ---------------

Current thread (0x000000001f8f3620):  JavaThread "C2 CompilerThread0" daemon [_thread_in_native, id=6852, stack(0x00000000202a0000,0x00000000203a0000)]


Current CompileTask:
C2:  14366 2593       4       java.net.URLStreamHandler::parseURL (1201 bytes)

Stack: [0x00000000202a0000,0x00000000203a0000]
Native frames: (J=compiled Java code, j=interpreted, Vv=VM code, C=native code)
V  [jvm.dll+0x62ae9a]
V  [jvm.dll+0x781389]
V  [jvm.dll+0x782ae3]
V  [jvm.dll+0x783143]
V  [jvm.dll+0x216265]
V  [jvm.dll+0x97efa]
V  [jvm.dll+0x985dc]
V  [jvm.dll+0x67a89b]
V  [jvm.dll+0x18e4a8]
V  [jvm.dll+0x1ea762]
V  [jvm.dll+0x1e98ae]
V  [jvm.dll+0x1784c7]
V  [jvm.dll+0x1f9165]
V  [jvm.dll+0x1f720c]
V  [jvm.dll+0x74485d]
V  [jvm.dll+0x73d65a]
V  [jvm.dll+0x629c56]
C  [ucrtbase.DLL+0x1d912]
C  [kernel32.dll+0x1556d]
C  [ntdll.dll+0x5372d]


---------------  P R O C E S S  ---------------

Threads class SMR info:
_java_thread_list=0x0000000020898eb0, length=70, elements={
0x00000000003e87d0, 0x000000001f8c9510, 0x000000001f8ccbb0, 0x000000001f8eb070,
0x000000001f8ecd50, 0x000000001f8ee970, 0x000000001f8f3620, 0x000000001f8f4b90,
0x000000001f900820, 0x0000000020698070, 0x000000001fa2e780, 0x000000002115e100,
0x00000000229dcaf0, 0x00000000229c3ef0, 0x00000000229c47c0, 0x00000000229c5490,
0x00000000227850a0, 0x000000002296a9c0, 0x00000000227859a0, 0x0000000022785e70,
0x0000000022786340, 0x0000000022786810, 0x0000000022786ce0, 0x00000000227871b0,
0x0000000022787680, 0x0000000022787b50, 0x0000000022788020, 0x00000000227884f0,
0x00000000227889c0, 0x0000000022788e90, 0x0000000022789360, 0x0000000022c343f0,
0x0000000022c348c0, 0x0000000022c34d90, 0x0000000022c35260, 0x0000000022c35730,
0x0000000022c35c00, 0x0000000022c360d0, 0x0000000022c365a0, 0x0000000022c36a70,
0x0000000022c36f40, 0x0000000022c37410, 0x0000000022c378e0, 0x0000000022c37db0,
0x000000002290f7b0, 0x000000002290fc80, 0x0000000022910150, 0x0000000022910620,
0x0000000022910af0, 0x0000000022910fc0, 0x0000000022911490, 0x0000000022911960,
0x0000000022911e30, 0x0000000022912300, 0x00000000229127d0, 0x0000000022912ca0,
0x0000000022913170, 0x0000000022abec30, 0x0000000022abf100, 0x0000000022abf5d0,
0x0000000022abfaa0, 0x0000000022abff70, 0x0000000022ac0440, 0x0000000022ac0910,
0x0000000022ac0de0, 0x0000000022ac12b0, 0x0000000022ac1780, 0x0000000022ac1c50,
0x0000000022ac2120, 0x0000000022ac25f0
}

Java Threads: ( => current thread )
  0x00000000003e87d0 JavaThread "main" [_thread_blocked, id=4508, stack(0x00000000022a0000,0x00000000023a0000)]
  0x000000001f8c9510 JavaThread "Reference Handler" daemon [_thread_blocked, id=7672, stack(0x000000001fd30000,0x000000001fe30000)]
  0x000000001f8ccbb0 JavaThread "Finalizer" daemon [_thread_blocked, id=7812, stack(0x000000001fe60000,0x000000001ff60000)]
  0x000000001f8eb070 JavaThread "Signal Dispatcher" daemon [_thread_blocked, id=7868, stack(0x000000001fa30000,0x000000001fb30000)]
  0x000000001f8ecd50 JavaThread "Attach Listener" daemon [_thread_blocked, id=3956, stack(0x000000001ffa0000,0x00000000200a0000)]
  0x000000001f8ee970 JavaThread "Service Thread" daemon [_thread_blocked, id=7280, stack(0x00000000200a0000,0x00000000201a0000)]
=>0x000000001f8f3620 JavaThread "C2 CompilerThread0" daemon [_thread_in_native, id=6852, stack(0x00000000202a0000,0x00000000203a0000)]
  0x000000001f8f4b90 JavaThread "C1 CompilerThread0" daemon [_thread_blocked, id=8024, stack(0x0000000020490000,0x0000000020590000)]
  0x000000001f900820 JavaThread "Sweeper thread" daemon [_thread_blocked, id=8440, stack(0x0000000020590000,0x0000000020690000)]
  0x0000000020698070 JavaThread "Notification Thread" daemon [_thread_blocked, id=7756, stack(0x0000000020bb0000,0x0000000020cb0000)]
  0x000000001fa2e780 JavaThread "Common-Cleaner" daemon [_thread_blocked, id=7588, stack(0x0000000020d40000,0x0000000020e40000)]
  0x000000002115e100 JavaThread "ReaderThread" [_thread_in_native, id=6564, stack(0x0000000021e70000,0x0000000021f70000)]
  0x00000000229dcaf0 JavaThread "Forwarding newSession on session null to remote" [_thread_in_native, id=9000, stack(0x0000000023c20000,0x0000000023d20000)]
  0x00000000229c3ef0 JavaThread "Forwarding newSession on session null to remote" [_thread_in_native, id=1684, stack(0x0000000023e70000,0x0000000023f70000)]
  0x00000000229c47c0 JavaThread "Forwarding newSession on session null to remote" [_thread_in_native, id=4652, stack(0x0000000023fb0000,0x00000000240b0000)]
  0x00000000229c5490 JavaThread "Forwarding newSession on session null to remote" [_thread_in_native, id=9088, stack(0x00000000240c0000,0x00000000241c0000)]
  0x00000000227850a0 JavaThread "Forwarding newSession on session null to remote" [_thread_in_native, id=8872, stack(0x00000000242e0000,0x00000000243e0000)]
  0x000000002296a9c0 JavaThread "Forwarding get on session 69c2b4c3d66fd5cbc9f159ced2701438 to remote" [_thread_in_native, id=9212, stack(0x00000000241c0000,0x00000000242c0000)]
  0x00000000227859a0 JavaThread "Forwarding newSession on session null to remote" [_thread_in_native, id=8788, stack(0x0000000023d40000,0x0000000023e40000)]
  0x0000000022785e70 JavaThread "Forwarding newSession on session null to remote" [_thread_in_native, id=4736, stack(0x0000000024500000,0x0000000024600000)]
  0x0000000022786340 JavaThread "Forwarding newSession on session null to remote" [_thread_in_native, id=464, stack(0x00000000246b0000,0x00000000247b0000)]
  0x0000000022786810 JavaThread "Forwarding newSession on session null to remote" [_thread_in_native, id=5508, stack(0x0000000024800000,0x0000000024900000)]
  0x0000000022786ce0 JavaThread "Exec Default Executor" daemon [_thread_in_native, id=8556, stack(0x0000000024c10000,0x0000000024d10000)]
  0x00000000227871b0 JavaThread "UrlChecker-2" daemon [_thread_blocked, id=8924, stack(0x0000000024d50000,0x0000000024e50000)]
  0x0000000022787680 JavaThread "Exec Default Executor" daemon [_thread_in_native, id=4472, stack(0x00000000243f0000,0x00000000244f0000)]
  0x0000000022787b50 JavaThread "UrlChecker-3" daemon [_thread_blocked, id=7060, stack(0x0000000024b10000,0x0000000024c10000)]
  0x0000000022788020 JavaThread "Exec Default Executor" daemon [_thread_in_native, id=6872, stack(0x0000000024f60000,0x0000000025060000)]
  0x00000000227884f0 JavaThread "UrlChecker-4" daemon [_thread_blocked, id=6444, stack(0x00000000201a0000,0x00000000202a0000)]
  0x00000000227889c0 JavaThread "Exec Default Executor" daemon [_thread_in_native, id=2600, stack(0x0000000024e50000,0x0000000024f50000)]
  0x0000000022788e90 JavaThread "UrlChecker-5" daemon [_thread_blocked, id=6392, stack(0x0000000025120000,0x0000000025220000)]
  0x0000000022789360 JavaThread "Exec Default Executor" daemon [_thread_in_native, id=8344, stack(0x0000000025260000,0x0000000025360000)]
  0x0000000022c343f0 JavaThread "UrlChecker-6" daemon [_thread_blocked, id=6368, stack(0x0000000020aa0000,0x0000000020ba0000)]
  0x0000000022c348c0 JavaThread "Exec Default Executor" daemon [_thread_in_native, id=6416, stack(0x0000000025460000,0x0000000025560000)]
  0x0000000022c34d90 JavaThread "UrlChecker-7" daemon [_thread_blocked, id=8724, stack(0x00000000255d0000,0x00000000256d0000)]
  0x0000000022c35260 JavaThread "Exec Default Executor" daemon [_thread_in_native, id=4576, stack(0x0000000025790000,0x0000000025890000)]
  0x0000000022c35730 JavaThread "UrlChecker-8" daemon [_thread_blocked, id=5620, stack(0x0000000025a50000,0x0000000025b50000)]
  0x0000000022c35c00 JavaThread "Exec Stream Pumper" daemon [_thread_in_native, id=7576, stack(0x0000000025c00000,0x0000000025d00000)]
  0x0000000022c360d0 JavaThread "Exec Stream Pumper" daemon [_thread_in_native, id=2208, stack(0x0000000025d30000,0x0000000025e30000)]
  0x0000000022c365a0 JavaThread "Exec Stream Pumper" daemon [_thread_in_native, id=7912, stack(0x0000000025e70000,0x0000000025f70000)]
  0x0000000022c36a70 JavaThread "Exec Stream Pumper" daemon [_thread_in_native, id=8316, stack(0x0000000026010000,0x0000000026110000)]
  0x0000000022c36f40 JavaThread "Exec Stream Pumper" daemon [_thread_in_native, id=6028, stack(0x00000000261f0000,0x00000000262f0000)]
  0x0000000022c37410 JavaThread "Exec Stream Pumper" daemon [_thread_in_native, id=5348, stack(0x0000000025360000,0x0000000025460000)]
  0x0000000022c378e0 JavaThread "Exec Default Executor" daemon [_thread_in_native, id=6448, stack(0x0000000025910000,0x0000000025a10000)]
  0x0000000022c37db0 JavaThread "UrlChecker-9" daemon [_thread_blocked, id=2520, stack(0x00000000264b0000,0x00000000265b0000)]
  0x000000002290f7b0 JavaThread "Exec Default Executor" daemon [_thread_in_native, id=8892, stack(0x0000000026340000,0x0000000026440000)]
  0x000000002290fc80 JavaThread "UrlChecker-10" daemon [_thread_blocked, id=5152, stack(0x0000000026600000,0x0000000026700000)]
  0x0000000022910150 JavaThread "Exec Default Executor" daemon [_thread_in_native, id=6948, stack(0x0000000026740000,0x0000000026840000)]
  0x0000000022910620 JavaThread "UrlChecker-11" daemon [_thread_blocked, id=4740, stack(0x0000000026990000,0x0000000026a90000)]
  0x0000000022910af0 JavaThread "Exec Stream Pumper" daemon [_thread_in_native, id=2760, stack(0x0000000026860000,0x0000000026960000)]
  0x0000000022910fc0 JavaThread "Exec Stream Pumper" daemon [_thread_in_native, id=5380, stack(0x0000000026b00000,0x0000000026c00000)]
  0x0000000022911490 JavaThread "Exec Stream Pumper" daemon [_thread_in_native, id=7472, stack(0x0000000026cb0000,0x0000000026db0000)]
  0x0000000022911960 JavaThread "Exec Stream Pumper" daemon [_thread_in_native, id=5500, stack(0x0000000021d70000,0x0000000021e70000)]
  0x0000000022911e30 JavaThread "Exec Stream Pumper" daemon [_thread_in_native, id=8708, stack(0x0000000026e80000,0x0000000026f80000)]
  0x0000000022912300 JavaThread "Exec Stream Pumper" daemon [_thread_in_native, id=2112, stack(0x0000000026f80000,0x0000000027080000)]
  0x00000000229127d0 JavaThread "Exec Stream Pumper" daemon [_thread_in_native, id=6400, stack(0x00000000271b0000,0x00000000272b0000)]
  0x0000000022912ca0 JavaThread "Exec Stream Pumper" daemon [_thread_in_native, id=6836, stack(0x00000000273a0000,0x00000000274a0000)]
  0x0000000022913170 JavaThread "Exec Stream Pumper" daemon [_thread_in_native, id=2856, stack(0x0000000027630000,0x0000000027730000)]
  0x0000000022abec30 JavaThread "Exec Stream Pumper" daemon [_thread_in_native, id=3444, stack(0x0000000027530000,0x0000000027630000)]
  0x0000000022abf100 JavaThread "Exec Stream Pumper" daemon [_thread_in_native, id=6168, stack(0x0000000027080000,0x0000000027180000)]
  0x0000000022abf5d0 JavaThread "Exec Stream Pumper" daemon [_thread_in_native, id=8188, stack(0x0000000027900000,0x0000000027a00000)]
  0x0000000022abfaa0 JavaThread "Exec Stream Pumper" daemon [_thread_in_native, id=8176, stack(0x00000000277a0000,0x00000000278a0000)]
  0x0000000022abff70 JavaThread "Exec Stream Pumper" daemon [_thread_in_native, id=6944, stack(0x0000000027b80000,0x0000000027c80000)]
  0x0000000022ac0440 JavaThread "ForkJoinPool.commonPool-worker-3" daemon [_thread_blocked, id=8152, stack(0x0000000027d80000,0x0000000027e80000)]
  0x0000000022ac0910 JavaThread "ForkJoinPool.commonPool-worker-5" daemon [_thread_blocked, id=5700, stack(0x0000000027f70000,0x0000000028070000)]
  0x0000000022ac0de0 JavaThread "ForkJoinPool.commonPool-worker-7" daemon [_thread_blocked, id=9176, stack(0x0000000028110000,0x0000000028210000)]
  0x0000000022ac12b0 JavaThread "OkHttp ConnectionPool" daemon [_thread_blocked, id=7116, stack(0x00000000283c0000,0x00000000284c0000)]
  0x0000000022ac1780 JavaThread "Okio Watchdog" daemon [_thread_blocked, id=4832, stack(0x00000000282c0000,0x00000000283c0000)]
  0x0000000022ac1c50 JavaThread "Exec Default Executor" daemon [_thread_in_native, id=5708, stack(0x0000000022310000,0x0000000022410000)]
  0x0000000022ac2120 JavaThread "Exec Stream Pumper" daemon [_thread_in_native, id=7772, stack(0x00000000285e0000,0x00000000286e0000)]
  0x0000000022ac25f0 JavaThread "Exec Stream Pumper" daemon [_thread_in_native, id=7704, stack(0x0000000028750000,0x0000000028850000)]

Other Threads:
  0x000000001f8c79d0 VMThread "VM Thread" [stack: 0x000000001fb40000,0x000000001fc40000] [id=6484]
  0x000000001fa2ab00 WatcherThread [stack: 0x0000000020e60000,0x0000000020f60000] [id=6736]
  0x0000000000414a00 GCTaskThread "GC Thread#0" [stack: 0x000000001c3f0000,0x000000001c4f0000] [id=6496]
  0x000000001fa0d1a0 GCTaskThread "GC Thread#1" [stack: 0x0000000021f90000,0x0000000022090000] [id=5820]
  0x000000001fa0d4d0 GCTaskThread "GC Thread#2" [stack: 0x00000000220b0000,0x00000000221b0000] [id=7264]
  0x000000001fa0d800 GCTaskThread "GC Thread#3" [stack: 0x0000000022210000,0x0000000022310000] [id=8096]
  0x000000000041d820 ConcurrentGCThread "G1 Main Marker" [stack: 0x000000001c6d0000,0x000000001c7d0000] [id=6036]
  0x00000000004203a0 ConcurrentGCThread "G1 Conc#0" [stack: 0x000000001c550000,0x000000001c650000] [id=8276]
  0x00000000004582a0 ConcurrentGCThread "G1 Refine#0" [stack: 0x000000001ee00000,0x000000001ef00000] [id=5384]
  0x0000000021623fb0 ConcurrentGCThread "G1 Refine#1" [stack: 0x0000000022480000,0x0000000022580000] [id=4376]
  0x0000000000458e30 ConcurrentGCThread "G1 Young RemSet Sampling" [stack: 0x000000001ef30000,0x000000001f030000] [id=8388]

Threads with active compile tasks:
C2 CompilerThread0    15335 2593       4       java.net.URLStreamHandler::parseURL (1201 bytes)

VM state: not at safepoint (normal execution)

VM Mutex/Monitor currently owned by a thread: None

Heap address: 0x00000000c0c00000, size: 1012 MB, Compressed Oops mode: 32-bit
CDS archive(s) mapped at: [0x0000000800000000-0x0000000800b50000-0x0000000800b50000), size 11862016, SharedBaseAddress: 0x0000000800000000, ArchiveRelocationMode: 0.
Compressed class space mapped at: 0x0000000800b50000-0x0000000840b50000, size: 1073741824
Narrow klass base: 0x0000000800000000, Narrow klass shift: 3, Narrow klass range: 0x100000000

GC Precious Log:
 CPUs: 4 total, 4 available
 Memory: 4043M
 Large Page Support: Disabled
 NUMA Support: Disabled
 Compressed Oops: Enabled (32-bit)
 Heap Region Size: 1M
 Heap Min Capacity: 8M
 Heap Initial Capacity: 64M
 Heap Max Capacity: 1012M
 Pre-touch: Disabled
 Parallel Workers: 4
 Concurrent Workers: 1
 Concurrent Refinement Workers: 4
 Periodic GC: Disabled

Heap:
 garbage-first heap   total 65536K, used 28715K [0x00000000c0c00000, 0x0000000100000000)
  region size 1024K, 21 young (21504K), 4 survivors (4096K)
 Metaspace       used 20532K, capacity 20802K, committed 21120K, reserved 1067008K
  class space    used 2472K, capacity 2574K, committed 2688K, reserved 1048576K

Heap Regions: E=young(eden), S=young(survivor), O=old, HS=humongous(starts), HC=humongous(continues), CS=collection set, F=free, OA=open archive, CA=closed archive, TAMS=top-at-mark-start (previous, next)
|   0|0x00000000c0c00000, 0x00000000c0d00000, 0x00000000c0d00000|100%|HS|  |TAMS 0x00000000c0c00000, 0x00000000c0c00000| Complete 
|   1|0x00000000c0d00000, 0x00000000c0e00000, 0x00000000c0e00000|100%| O|  |TAMS 0x00000000c0d00000, 0x00000000c0d00000| Untracked 
|   2|0x00000000c0e00000, 0x00000000c0f00000, 0x00000000c0f00000|100%| O|  |TAMS 0x00000000c0e00000, 0x00000000c0e00000| Untracked 
|   3|0x00000000c0f00000, 0x00000000c1000000, 0x00000000c1000000|100%| O|  |TAMS 0x00000000c0f00000, 0x00000000c0f00000| Untracked 
|   4|0x00000000c1000000, 0x00000000c1100000, 0x00000000c1100000|100%| O|  |TAMS 0x00000000c1000000, 0x00000000c1000000| Untracked 
|   5|0x00000000c1100000, 0x00000000c1200000, 0x00000000c1200000|100%| O|  |TAMS 0x00000000c1100000, 0x00000000c1100000| Untracked 
|   6|0x00000000c1200000, 0x00000000c1300000, 0x00000000c1300000|100%| O|  |TAMS 0x00000000c1200000, 0x00000000c1200000| Untracked 
|   7|0x00000000c1300000, 0x00000000c1400000, 0x00000000c1400000|100%| O|  |TAMS 0x00000000c1300000, 0x00000000c1300000| Untracked 
|   8|0x00000000c1400000, 0x00000000c140ac00, 0x00000000c1500000|  4%| O|  |TAMS 0x00000000c1400000, 0x00000000c1400000| Untracked 
|   9|0x00000000c1500000, 0x00000000c1500000, 0x00000000c1600000|  0%| F|  |TAMS 0x00000000c1500000, 0x00000000c1500000| Untracked 
|  10|0x00000000c1600000, 0x00000000c1600000, 0x00000000c1700000|  0%| F|  |TAMS 0x00000000c1600000, 0x00000000c1600000| Untracked 
|  11|0x00000000c1700000, 0x00000000c1700000, 0x00000000c1800000|  0%| F|  |TAMS 0x00000000c1700000, 0x00000000c1700000| Untracked 
|  12|0x00000000c1800000, 0x00000000c1800000, 0x00000000c1900000|  0%| F|  |TAMS 0x00000000c1800000, 0x00000000c1800000| Untracked 
|  13|0x00000000c1900000, 0x00000000c1900000, 0x00000000c1a00000|  0%| F|  |TAMS 0x00000000c1900000, 0x00000000c1900000| Untracked 
|  14|0x00000000c1a00000, 0x00000000c1a00000, 0x00000000c1b00000|  0%| F|  |TAMS 0x00000000c1a00000, 0x00000000c1a00000| Untracked 
|  15|0x00000000c1b00000, 0x00000000c1b00000, 0x00000000c1c00000|  0%| F|  |TAMS 0x00000000c1b00000, 0x00000000c1b00000| Untracked 
|  16|0x00000000c1c00000, 0x00000000c1c00000, 0x00000000c1d00000|  0%| F|  |TAMS 0x00000000c1c00000, 0x00000000c1c00000| Untracked 
|  17|0x00000000c1d00000, 0x00000000c1d00000, 0x00000000c1e00000|  0%| F|  |TAMS 0x00000000c1d00000, 0x00000000c1d00000| Untracked 
|  18|0x00000000c1e00000, 0x00000000c1e00000, 0x00000000c1f00000|  0%| F|  |TAMS 0x00000000c1e00000, 0x00000000c1e00000| Untracked 
|  19|0x00000000c1f00000, 0x00000000c1f00000, 0x00000000c2000000|  0%| F|  |TAMS 0x00000000c1f00000, 0x00000000c1f00000| Untracked 
|  20|0x00000000c2000000, 0x00000000c2000000, 0x00000000c2100000|  0%| F|  |TAMS 0x00000000c2000000, 0x00000000c2000000| Untracked 
|  21|0x00000000c2100000, 0x00000000c2100000, 0x00000000c2200000|  0%| F|  |TAMS 0x00000000c2100000, 0x00000000c2100000| Untracked 
|  22|0x00000000c2200000, 0x00000000c2200000, 0x00000000c2300000|  0%| F|  |TAMS 0x00000000c2200000, 0x00000000c2200000| Untracked 
|  23|0x00000000c2300000, 0x00000000c2300000, 0x00000000c2400000|  0%| F|  |TAMS 0x00000000c2300000, 0x00000000c2300000| Untracked 
|  24|0x00000000c2400000, 0x00000000c2400000, 0x00000000c2500000|  0%| F|  |TAMS 0x00000000c2400000, 0x00000000c2400000| Untracked 
|  25|0x00000000c2500000, 0x00000000c2500000, 0x00000000c2600000|  0%| F|  |TAMS 0x00000000c2500000, 0x00000000c2500000| Untracked 
|  26|0x00000000c2600000, 0x00000000c2600000, 0x00000000c2700000|  0%| F|  |TAMS 0x00000000c2600000, 0x00000000c2600000| Untracked 
|  27|0x00000000c2700000, 0x00000000c2700000, 0x00000000c2800000|  0%| F|  |TAMS 0x00000000c2700000, 0x00000000c2700000| Untracked 
|  28|0x00000000c2800000, 0x00000000c2800000, 0x00000000c2900000|  0%| F|  |TAMS 0x00000000c2800000, 0x00000000c2800000| Untracked 
|  29|0x00000000c2900000, 0x00000000c2a00000, 0x00000000c2a00000|100%| S|CS|TAMS 0x00000000c2900000, 0x00000000c2900000| Complete 
|  30|0x00000000c2a00000, 0x00000000c2b00000, 0x00000000c2b00000|100%| S|CS|TAMS 0x00000000c2a00000, 0x00000000c2a00000| Complete 
|  31|0x00000000c2b00000, 0x00000000c2c00000, 0x00000000c2c00000|100%| S|CS|TAMS 0x00000000c2b00000, 0x00000000c2b00000| Complete 
|  32|0x00000000c2c00000, 0x00000000c2d00000, 0x00000000c2d00000|100%| S|CS|TAMS 0x00000000c2c00000, 0x00000000c2c00000| Complete 
|  33|0x00000000c2d00000, 0x00000000c2d00000, 0x00000000c2e00000|  0%| F|  |TAMS 0x00000000c2d00000, 0x00000000c2d00000| Untracked 
|  34|0x00000000c2e00000, 0x00000000c2e00000, 0x00000000c2f00000|  0%| F|  |TAMS 0x00000000c2e00000, 0x00000000c2e00000| Untracked 
|  35|0x00000000c2f00000, 0x00000000c2f00000, 0x00000000c3000000|  0%| F|  |TAMS 0x00000000c2f00000, 0x00000000c2f00000| Untracked 
|  36|0x00000000c3000000, 0x00000000c3000000, 0x00000000c3100000|  0%| F|  |TAMS 0x00000000c3000000, 0x00000000c3000000| Untracked 
|  37|0x00000000c3100000, 0x00000000c3100000, 0x00000000c3200000|  0%| F|  |TAMS 0x00000000c3100000, 0x00000000c3100000| Untracked 
|  38|0x00000000c3200000, 0x00000000c3200000, 0x00000000c3300000|  0%| F|  |TAMS 0x00000000c3200000, 0x00000000c3200000| Untracked 
|  39|0x00000000c3300000, 0x00000000c3300000, 0x00000000c3400000|  0%| F|  |TAMS 0x00000000c3300000, 0x00000000c3300000| Untracked 
|  40|0x00000000c3400000, 0x00000000c3400000, 0x00000000c3500000|  0%| F|  |TAMS 0x00000000c3400000, 0x00000000c3400000| Untracked 
|  41|0x00000000c3500000, 0x00000000c3500000, 0x00000000c3600000|  0%| F|  |TAMS 0x00000000c3500000, 0x00000000c3500000| Untracked 
|  42|0x00000000c3600000, 0x00000000c3600000, 0x00000000c3700000|  0%| F|  |TAMS 0x00000000c3600000, 0x00000000c3600000| Untracked 
|  43|0x00000000c3700000, 0x00000000c3700000, 0x00000000c3800000|  0%| F|  |TAMS 0x00000000c3700000, 0x00000000c3700000| Untracked 
|  44|0x00000000c3800000, 0x00000000c3800000, 0x00000000c3900000|  0%| F|  |TAMS 0x00000000c3800000, 0x00000000c3800000| Untracked 
|  45|0x00000000c3900000, 0x00000000c3900000, 0x00000000c3a00000|  0%| F|  |TAMS 0x00000000c3900000, 0x00000000c3900000| Untracked 
|  46|0x00000000c3a00000, 0x00000000c3a00000, 0x00000000c3b00000|  0%| F|  |TAMS 0x00000000c3a00000, 0x00000000c3a00000| Untracked 
|  47|0x00000000c3b00000, 0x00000000c3bad258, 0x00000000c3c00000| 67%| E|  |TAMS 0x00000000c3b00000, 0x00000000c3b00000| Complete 
|  48|0x00000000c3c00000, 0x00000000c3d00000, 0x00000000c3d00000|100%| E|CS|TAMS 0x00000000c3c00000, 0x00000000c3c00000| Complete 
|  49|0x00000000c3d00000, 0x00000000c3e00000, 0x00000000c3e00000|100%| E|CS|TAMS 0x00000000c3d00000, 0x00000000c3d00000| Complete 
|  50|0x00000000c3e00000, 0x00000000c3f00000, 0x00000000c3f00000|100%| E|CS|TAMS 0x00000000c3e00000, 0x00000000c3e00000| Complete 
|  51|0x00000000c3f00000, 0x00000000c4000000, 0x00000000c4000000|100%| E|CS|TAMS 0x00000000c3f00000, 0x00000000c3f00000| Complete 
|  52|0x00000000c4000000, 0x00000000c4100000, 0x00000000c4100000|100%| E|CS|TAMS 0x00000000c4000000, 0x00000000c4000000| Complete 
|  53|0x00000000c4100000, 0x00000000c4200000, 0x00000000c4200000|100%| E|CS|TAMS 0x00000000c4100000, 0x00000000c4100000| Complete 
|  54|0x00000000c4200000, 0x00000000c4300000, 0x00000000c4300000|100%| E|CS|TAMS 0x00000000c4200000, 0x00000000c4200000| Complete 
|  55|0x00000000c4300000, 0x00000000c4400000, 0x00000000c4400000|100%| E|CS|TAMS 0x00000000c4300000, 0x00000000c4300000| Complete 
|  56|0x00000000c4400000, 0x00000000c4500000, 0x00000000c4500000|100%| E|CS|TAMS 0x00000000c4400000, 0x00000000c4400000| Complete 
|  57|0x00000000c4500000, 0x00000000c4600000, 0x00000000c4600000|100%| E|CS|TAMS 0x00000000c4500000, 0x00000000c4500000| Complete 
|  58|0x00000000c4600000, 0x00000000c4700000, 0x00000000c4700000|100%| E|CS|TAMS 0x00000000c4600000, 0x00000000c4600000| Complete 
|  59|0x00000000c4700000, 0x00000000c4800000, 0x00000000c4800000|100%| E|CS|TAMS 0x00000000c4700000, 0x00000000c4700000| Complete 
|  60|0x00000000c4800000, 0x00000000c4900000, 0x00000000c4900000|100%| E|CS|TAMS 0x00000000c4800000, 0x00000000c4800000| Complete 
|  61|0x00000000c4900000, 0x00000000c4a00000, 0x00000000c4a00000|100%| E|CS|TAMS 0x00000000c4900000, 0x00000000c4900000| Complete 
|  62|0x00000000c4a00000, 0x00000000c4b00000, 0x00000000c4b00000|100%| E|CS|TAMS 0x00000000c4a00000, 0x00000000c4a00000| Complete 
|  63|0x00000000c4b00000, 0x00000000c4c00000, 0x00000000c4c00000|100%| E|CS|TAMS 0x00000000c4b00000, 0x00000000c4b00000| Complete 

Card table byte_map: [0x0000000019ff0000,0x000000001a1f0000] _byte_map_base: 0x00000000199ea000

Marking Bits (Prev, Next): (CMBitMap*) 0x0000000000415180, (CMBitMap*) 0x00000000004151c0
 Prev Bits: [0x000000001a3f0000, 0x000000001b3c0000)
 Next Bits: [0x000000001b3c0000, 0x000000001c390000)

Polling page: 0x0000000000220000

Metaspace:

Usage:
  Non-class:     17.80 MB capacity,    17.64 MB (>99%) used,   142.07 KB ( <1%) free+waste,    25.13 KB ( <1%) overhead. 
      Class:      2.51 MB capacity,     2.41 MB ( 96%) used,    91.65 KB (  4%) free+waste,    10.25 KB ( <1%) overhead. 
       Both:     20.31 MB capacity,    20.05 MB ( 99%) used,   233.72 KB (  1%) free+waste,    35.38 KB ( <1%) overhead. 

Virtual space:
  Non-class space:       18.00 MB reserved,      18.00 MB (100%) committed 
      Class space:        1.00 GB reserved,       2.63 MB ( <1%) committed 
             Both:        1.02 GB reserved,      20.63 MB (  2%) committed 

Chunk freelists:
   Non-Class:  12.00 KB
       Class:  18.00 KB
        Both:  30.00 KB

MaxMetaspaceSize: 17179869184.00 GB
CompressedClassSpaceSize: 1.00 GB

CodeHeap 'non-profiled nmethods': size=120000Kb used=1052Kb max_used=1052Kb free=118947Kb
 bounds [0x00000000122a0000, 0x0000000012510000, 0x00000000197d0000]
CodeHeap 'profiled nmethods': size=120000Kb used=4726Kb max_used=4726Kb free=115273Kb
 bounds [0x000000000ad70000, 0x000000000b210000, 0x00000000122a0000]
CodeHeap 'non-nmethods': size=5760Kb used=1274Kb max_used=1288Kb free=4485Kb
 bounds [0x000000000a7d0000, 0x000000000aa40000, 0x000000000ad70000]
 total_blobs=3155 nmethods=2600 adapters=467
 compilation: enabled
              stopped_count=0, restarted_count=0
 full_count=0

Compilation events (20 events):
Event: 11.847 Thread 0x000000001f8f4b90 2596       3       com.google.common.collect.Iterators$ArrayItr::<init> (18 bytes)
Event: 11.848 Thread 0x000000001f8f4b90 nmethod 2596 0x000000000b208f90 code [0x000000000b209160, 0x000000000b209508]
Event: 11.850 Thread 0x000000001f8f4b90 2597       3       org.openqa.selenium.json.NumberCoercer::<init> (27 bytes)
Event: 11.851 Thread 0x000000001f8f4b90 nmethod 2597 0x000000000b209690 code [0x000000000b209880, 0x000000000b209ed8]
Event: 11.857 Thread 0x000000001f8f4b90 2598       3       java.util.regex.Matcher::replaceAll (59 bytes)
Event: 11.859 Thread 0x000000001f8f4b90 nmethod 2598 0x000000000b20a110 code [0x000000000b20a380, 0x000000000b20acb8]
Event: 11.859 Thread 0x000000001f8f4b90 2599       3       org.testng.shaded.com.google.gson.internal.bind.TypeAdapters$32::create (20 bytes)
Event: 11.859 Thread 0x000000001f8f4b90 nmethod 2599 0x000000000b20b010 code [0x000000000b20b1a0, 0x000000000b20b338]
Event: 11.859 Thread 0x000000001f8f4b90 2600       3       java.lang.reflect.AccessibleObject::checkCanSetAccessible (9 bytes)
Event: 11.860 Thread 0x000000001f8f4b90 nmethod 2600 0x000000000b20b410 code [0x000000000b20b5c0, 0x000000000b20b6e8]
Event: 11.860 Thread 0x000000001f8f4b90 2601       3       java.lang.reflect.AccessibleObject::setAccessible0 (7 bytes)
Event: 11.860 Thread 0x000000001f8f4b90 nmethod 2601 0x000000000b20b790 code [0x000000000b20b920, 0x000000000b20ba38]
Event: 11.908 Thread 0x000000001f8f4b90 2604       3       java.util.Optional::map (30 bytes)
Event: 11.909 Thread 0x000000001f8f4b90 nmethod 2604 0x000000000b20bb10 code [0x000000000b20bd20, 0x000000000b20c3f8]
Event: 11.909 Thread 0x000000001f8f4b90 2605       3       java.util.Optional::of (12 bytes)
Event: 11.909 Thread 0x000000001f8f4b90 nmethod 2605 0x000000000b20c610 code [0x000000000b20c7e0, 0x000000000b20cba8]
Event: 11.910 Thread 0x000000001f8f4b90 2606       3       java.net.URI$Parser::checkChars (44 bytes)
Event: 11.911 Thread 0x000000001f8f4b90 nmethod 2606 0x000000000b20cd10 code [0x000000000b20cf40, 0x000000000b20d568]
Event: 11.911 Thread 0x000000001f8f4b90 2607       3       sun.nio.ch.Util::isBufferTooLarge (15 bytes)
Event: 11.911 Thread 0x000000001f8f4b90 nmethod 2607 0x000000000b20d810 code [0x000000000b20d9a0, 0x000000000b20daf8]

GC Heap History (8 events):
Event: 1.065 GC heap before
{Heap before GC invocations=0 (full 0):
 garbage-first heap   total 65536K, used 13312K [0x00000000c0c00000, 0x0000000100000000)
  region size 1024K, 13 young (13312K), 0 survivors (0K)
 Metaspace       used 4907K, capacity 6242K, committed 6272K, reserved 1056768K
  class space    used 535K, capacity 612K, committed 640K, reserved 1048576K
}
Event: 1.074 GC heap after
{Heap after GC invocations=1 (full 0):
 garbage-first heap   total 65536K, used 6527K [0x00000000c0c00000, 0x0000000100000000)
  region size 1024K, 2 young (2048K), 2 survivors (2048K)
 Metaspace       used 4907K, capacity 6242K, committed 6272K, reserved 1056768K
  class space    used 535K, capacity 612K, committed 640K, reserved 1048576K
}
Event: 1.938 GC heap before
{Heap before GC invocations=1 (full 0):
 garbage-first heap   total 65536K, used 17791K [0x00000000c0c00000, 0x0000000100000000)
  region size 1024K, 13 young (13312K), 2 survivors (2048K)
 Metaspace       used 9588K, capacity 9752K, committed 9856K, reserved 1058816K
  class space    used 1060K, capacity 1116K, committed 1152K, reserved 1048576K
}
Event: 1.945 GC heap after
{Heap after GC invocations=2 (full 0):
 garbage-first heap   total 65536K, used 8424K [0x00000000c0c00000, 0x0000000100000000)
  region size 1024K, 2 young (2048K), 2 survivors (2048K)
 Metaspace       used 9588K, capacity 9752K, committed 9856K, reserved 1058816K
  class space    used 1060K, capacity 1116K, committed 1152K, reserved 1048576K
}
Event: 2.835 GC heap before
{Heap before GC invocations=2 (full 0):
 garbage-first heap   total 65536K, used 26856K [0x00000000c0c00000, 0x0000000100000000)
  region size 1024K, 21 young (21504K), 2 survivors (2048K)
 Metaspace       used 14204K, capacity 14355K, committed 14464K, reserved 1062912K
  class space    used 1571K, capacity 1601K, committed 1664K, reserved 1048576K
}
Event: 2.844 GC heap after
{Heap after GC invocations=3 (full 0):
 garbage-first heap   total 65536K, used 10344K [0x00000000c0c00000, 0x0000000100000000)
  region size 1024K, 3 young (3072K), 3 survivors (3072K)
 Metaspace       used 14204K, capacity 14355K, committed 14464K, reserved 1062912K
  class space    used 1571K, capacity 1601K, committed 1664K, reserved 1048576K
}
Event: 4.122 GC heap before
{Heap before GC invocations=3 (full 0):
 garbage-first heap   total 65536K, used 39016K [0x00000000c0c00000, 0x0000000100000000)
  region size 1024K, 31 young (31744K), 3 survivors (3072K)
 Metaspace       used 18331K, capacity 18590K, committed 18688K, reserved 1064960K
  class space    used 2173K, capacity 2244K, committed 2304K, reserved 1048576K
}
Event: 4.131 GC heap after
{Heap after GC invocations=4 (full 0):
 garbage-first heap   total 65536K, used 12331K [0x00000000c0c00000, 0x0000000100000000)
  region size 1024K, 4 young (4096K), 4 survivors (4096K)
 Metaspace       used 18331K, capacity 18590K, committed 18688K, reserved 1064960K
  class space    used 2173K, capacity 2244K, committed 2304K, reserved 1048576K
}

Deoptimization events (20 events):
Event: 8.099 Thread 0x00000000229c5490 Uncommon trap: trap_request=0xffffffde fr.pc=0x000000001238fca0 relative=0x0000000000000620
Event: 8.099 Thread 0x00000000229c5490 Uncommon trap: reason=class_check action=maybe_recompile pc=0x000000001238fca0 method=org.openqa.selenium.json.Input.init()V @ 18 c2
Event: 8.099 Thread 0x00000000229c5490 DEOPT PACKING pc=0x000000001238fca0 sp=0x00000000241bce70
Event: 8.099 Thread 0x00000000229c5490 DEOPT UNPACKING pc=0x000000000a81e42f sp=0x00000000241bce68 mode 2
Event: 8.099 Thread 0x00000000229c5490 Uncommon trap: trap_request=0xffffffde fr.pc=0x000000001238fca0 relative=0x0000000000000620
Event: 8.099 Thread 0x00000000229c5490 Uncommon trap: reason=class_check action=maybe_recompile pc=0x000000001238fca0 method=org.openqa.selenium.json.Input.init()V @ 18 c2
Event: 8.099 Thread 0x00000000229c5490 DEOPT PACKING pc=0x000000001238fca0 sp=0x00000000241bc7d0
Event: 8.099 Thread 0x00000000229c5490 DEOPT UNPACKING pc=0x000000000a81e42f sp=0x00000000241bc7c8 mode 2
Event: 8.099 Thread 0x00000000229c5490 Uncommon trap: trap_request=0xffffffde fr.pc=0x000000001238fca0 relative=0x0000000000000620
Event: 8.099 Thread 0x00000000229c5490 Uncommon trap: reason=class_check action=maybe_recompile pc=0x000000001238fca0 method=org.openqa.selenium.json.Input.init()V @ 18 c2
Event: 8.099 Thread 0x00000000229c5490 DEOPT PACKING pc=0x000000001238fca0 sp=0x00000000241bc7d0
Event: 8.099 Thread 0x00000000229c5490 DEOPT UNPACKING pc=0x000000000a81e42f sp=0x00000000241bc7c8 mode 2
Event: 8.567 Thread 0x00000000229c5490 Uncommon trap: trap_request=0xffffff45 fr.pc=0x00000000123143e4 relative=0x0000000000000244
Event: 8.567 Thread 0x00000000229c5490 Uncommon trap: reason=unstable_if action=reinterpret pc=0x00000000123143e4 method=java.util.HashMap.hash(Ljava/lang/Object;)I @ 1 c2
Event: 8.567 Thread 0x00000000229c5490 DEOPT PACKING pc=0x00000000123143e4 sp=0x00000000241be920
Event: 8.567 Thread 0x00000000229c5490 DEOPT UNPACKING pc=0x000000000a81e42f sp=0x00000000241be7c0 mode 2
Event: 11.771 Thread 0x000000002296a9c0 Uncommon trap: trap_request=0xffffffde fr.pc=0x00000000123912bc relative=0x000000000000063c
Event: 11.771 Thread 0x000000002296a9c0 Uncommon trap: reason=class_check action=maybe_recompile pc=0x00000000123912bc method=org.openqa.selenium.json.Input.init()V @ 18 c2
Event: 11.771 Thread 0x000000002296a9c0 DEOPT PACKING pc=0x00000000123912bc sp=0x00000000242bab80
Event: 11.772 Thread 0x000000002296a9c0 DEOPT UNPACKING pc=0x000000000a81e42f sp=0x00000000242bab30 mode 2

Classes unloaded (0 events):
No events

Classes redefined (0 events):
No events

Internal exceptions (20 events):
Event: 3.977 Thread 0x00000000229dcaf0 Exception <a 'java/lang/NoSuchMethodError'{0x00000000c3382ad0}: 'double java.lang.invoke.DirectMethodHandle$Holder.invokeVirtual(java.lang.Object, java.lang.Object)'> (0x00000000c3382ad0) 
thrown [./open/src/hotspot/share/interpreter/linkResolver.cpp, line 782]
Event: 3.975 Thread 0x00000000227850a0 Exception <a 'java/lang/NoSuchMethodError'{0x00000000c40de518}: 'int java.lang.invoke.DirectMethodHandle$Holder.invokeVirtual(java.lang.Object, java.lang.Object)'> (0x00000000c40de518) 
thrown [./open/src/hotspot/share/interpreter/linkResolver.cpp, line 782]
Event: 3.979 Thread 0x000000002296a9c0 Exception <a 'java/lang/NoSuchMethodError'{0x00000000c33f75a8}: 'float java.lang.invoke.DirectMethodHandle$Holder.invokeVirtual(java.lang.Object, java.lang.Object)'> (0x00000000c33f75a8) 
thrown [./open/src/hotspot/share/interpreter/linkResolver.cpp, line 782]
Event: 3.981 Thread 0x00000000227850a0 Exception <a 'java/lang/NoSuchMethodError'{0x00000000c40ea080}: 'long java.lang.invoke.DirectMethodHandle$Holder.invokeVirtual(java.lang.Object, java.lang.Object)'> (0x00000000c40ea080) 
thrown [./open/src/hotspot/share/interpreter/linkResolver.cpp, line 782]
Event: 4.050 Thread 0x00000000229c5490 Exception <a 'java/lang/NoSuchMethodError'{0x00000000c31249b8}: 'void java.lang.invoke.DirectMethodHandle$Holder.invokeSpecial(java.lang.Object, java.lang.Object, java.lang.Object, java.lang.Object, java.lang.Object)'> (0x00000000c31249b8) 
thrown [./open/src/hotspot/share/interpreter/linkResolver.cpp, line 782]
Event: 4.050 Thread 0x00000000227850a0 Exception <a 'java/lang/NoSuchMethodError'{0x00000000c31c5b50}: 'void java.lang.invoke.DirectMethodHandle$Holder.invokeSpecial(java.lang.Object, java.lang.Object, java.lang.Object, java.lang.Object, java.lang.Object)'> (0x00000000c31c5b50) 
thrown [./open/src/hotspot/share/interpreter/linkResolver.cpp, line 782]
Event: 4.098 Thread 0x0000000022786810 Exception <a 'java/lang/NoSuchMethodError'{0x00000000c2fc9b78}: 'java.lang.Object java.lang.invoke.DirectMethodHandle$Holder.newInvokeSpecial(java.lang.Object, java.lang.Object, java.lang.Object, java.lang.Object, java.lang.Object)'> (0x00000000c2fc9b78) 
thrown [./open/src/hotspot/share/interpreter/linkResolver.cpp, line 782]
Event: 4.098 Thread 0x00000000227850a0 Exception <a 'java/lang/NoSuchMethodError'{0x00000000c2d08868}: 'java.lang.Object java.lang.invoke.DirectMethodHandle$Holder.newInvokeSpecial(java.lang.Object, java.lang.Object, java.lang.Object, java.lang.Object, java.lang.Object)'> (0x00000000c2d08868) 
thrown [./open/src/hotspot/share/interpreter/linkResolver.cpp, line 782]
Event: 4.169 Thread 0x00000000229c3ef0 Exception <a 'java/lang/NoSuchMethodError'{0x00000000c4881fb8}: 'java.lang.Object java.lang.invoke.Invokers$Holder.invokeExact_MT(java.lang.Object, java.lang.Object, java.lang.Object, java.lang.Object, java.lang.Object, java.lang.Object)'> (0x00000000c4881fb8) 
thrown [./open/src/hotspot/share/interpreter/linkResolver.cpp, line 782]
Event: 4.169 Thread 0x00000000229dcaf0 Exception <a 'java/lang/NoSuchMethodError'{0x00000000c48d5390}: 'java.lang.Object java.lang.invoke.Invokers$Holder.invokeExact_MT(java.lang.Object, java.lang.Object, java.lang.Object, java.lang.Object, java.lang.Object, java.lang.Object)'> (0x00000000c48d5390) 
thrown [./open/src/hotspot/share/interpreter/linkResolver.cpp, line 782]
Event: 4.175 Thread 0x0000000022785e70 Exception <a 'java/lang/NoSuchMethodError'{0x00000000c48b9bd0}: 'java.lang.Object java.lang.invoke.Invokers$Holder.invokeExact_MT(java.lang.Object, java.lang.Object, java.lang.Object, java.lang.Object, java.lang.Object, java.lang.Object)'> (0x00000000c48b9bd0) 
thrown [./open/src/hotspot/share/interpreter/linkResolver.cpp, line 782]
Event: 4.342 Thread 0x00000000229c47c0 Exception <a 'java/lang/NoSuchMethodError'{0x00000000c40707e0}: 'void java.lang.invoke.DirectMethodHandle$Holder.invokeStatic(java.lang.Object, java.lang.Object, java.lang.Object, java.lang.Object)'> (0x00000000c40707e0) 
thrown [./open/src/hotspot/share/interpreter/linkResolver.cpp, line 782]
Event: 4.343 Thread 0x0000000022786810 Exception <a 'java/lang/NoSuchMethodError'{0x00000000c43e8130}: 'void java.lang.invoke.DirectMethodHandle$Holder.invokeStatic(java.lang.Object, java.lang.Object, java.lang.Object, java.lang.Object)'> (0x00000000c43e8130) 
thrown [./open/src/hotspot/share/interpreter/linkResolver.cpp, line 782]
Event: 8.110 Thread 0x00000000229c5490 Exception <a 'java/lang/NoSuchMethodError'{0x00000000c3e531e0}: 'java.lang.Object java.lang.invoke.DirectMethodHandle$Holder.invokeSpecialIFC(java.lang.Object, java.lang.Object, java.lang.Object)'> (0x00000000c3e531e0) 
thrown [./open/src/hotspot/share/interpreter/linkResolver.cpp, line 782]
Event: 8.536 Thread 0x00000000229c5490 Exception <a 'java/lang/ClassNotFoundException'{0x00000000c3e96430}: sun/misc/SharedSecrets> (0x00000000c3e96430) 
thrown [./open/src/hotspot/share/classfile/systemDictionary.cpp, line 295]
Event: 8.537 Thread 0x00000000229c5490 Exception <a 'java/lang/reflect/InvocationTargetException'{0x00000000c3e969a8}> (0x00000000c3e969a8) 
thrown [./open/src/hotspot/share/runtime/reflection.cpp, line 1157]
Event: 8.567 Thread 0x00000000229c5490 Implicit null exception at 0x00000000123141ea to 0x00000000123143c8
Event: 8.630 Thread 0x00000000229c5490 Exception <a 'java/net/SocketException'{0x00000000c3d2bdd0}: Socket is not connected: shutdown> (0x00000000c3d2bdd0) 
thrown [./open/src/hotspot/share/prims/jni.cpp, line 599]
Event: 9.147 Thread 0x000000002290fc80 Exception <a 'java/net/SocketException'{0x00000000c3d77af0}: Socket is not connected: shutdown> (0x00000000c3d77af0) 
thrown [./open/src/hotspot/share/prims/jni.cpp, line 599]
Event: 9.660 Thread 0x000000002290fc80 Exception <a 'java/net/SocketException'{0x00000000c3d78da8}: Socket is not connected: shutdown> (0x00000000c3d78da8) 
thrown [./open/src/hotspot/share/prims/jni.cpp, line 599]

Events (20 events):
Event: 8.540 loading class java/lang/StackTraceElement$HashedModules
Event: 8.540 loading class java/lang/StackTraceElement$HashedModules done
Event: 8.544 loading class java/lang/Throwable$WrappedPrintWriter
Event: 8.544 loading class java/lang/Throwable$WrappedPrintWriter done
Event: 8.549 loading class java/util/regex/Pattern$BnM
Event: 8.551 loading class java/util/regex/Pattern$BnM done
Event: 8.563 loading class jdk/internal/reflect/UnsafeLongFieldAccessorImpl
Event: 8.563 loading class jdk/internal/reflect/UnsafeLongFieldAccessorImpl done
Event: 8.624 loading class java/util/concurrent/ConcurrentLinkedQueue$Itr
Event: 8.624 loading class java/util/concurrent/ConcurrentLinkedQueue$Itr done
Event: 8.645 Thread 0x0000000022ac1c50 Thread added: 0x0000000022ac1c50
Event: 8.688 Thread 0x0000000022ac2120 Thread added: 0x0000000022ac2120
Event: 8.688 Thread 0x0000000022ac25f0 Thread added: 0x0000000022ac25f0
Event: 9.396 Executing VM operation: HandshakeAllThreads
Event: 9.396 Executing VM operation: HandshakeAllThreads done
Event: 9.706 Thread 0x0000000022af1a30 Thread added: 0x0000000022af1a30
Event: 11.772 loading class java/math/MathContext
Event: 11.773 loading class java/math/MathContext done
Event: 11.878 loading class java/util/concurrent/ConcurrentHashMap$KeySpliterator
Event: 11.879 loading class java/util/concurrent/ConcurrentHashMap$KeySpliterator done


Dynamic libraries:
0x000000013f930000 - 0x000000013f93f000 	C:\Program Files\Java\jdk-15.0.1\bin\javaw.exe
0x00000000772d0000 - 0x000000007746f000 	C:\Windows\SYSTEM32\ntdll.dll
0x00000000771b0000 - 0x00000000772cf000 	C:\Windows\system32\kernel32.dll
0x000007fefd130000 - 0x000007fefd197000 	C:\Windows\system32\KERNELBASE.dll
0x000007fefa440000 - 0x000007fefa458000 	C:\Program Files\Java\jdk-15.0.1\bin\jli.dll
0x000007fefed20000 - 0x000007fefedfb000 	C:\Windows\system32\ADVAPI32.dll
0x000007fefd310000 - 0x000007fefd3af000 	C:\Windows\system32\msvcrt.dll
0x000007fefea30000 - 0x000007fefea4f000 	C:\Windows\SYSTEM32\sechost.dll
0x000007fefd1e0000 - 0x000007fefd30c000 	C:\Windows\system32\RPCRT4.dll
0x000007fefb5e0000 - 0x000007fefb7d5000 	C:\Windows\WinSxS\amd64_microsoft.windows.common-controls_6595b64144ccf1df_6.0.7601.24483_none_e372d88f30fbb845\COMCTL32.dll
0x000007fefd3c0000 - 0x000007fefd427000 	C:\Windows\system32\GDI32.dll
0x00000000770b0000 - 0x00000000771ab000 	C:\Windows\system32\USER32.dll
0x000007fefd430000 - 0x000007fefd43e000 	C:\Windows\system32\LPK.dll
0x000007fefe800000 - 0x000007fefe8cb000 	C:\Windows\system32\USP10.dll
0x000007fefe8d0000 - 0x000007fefe941000 	C:\Windows\system32\SHLWAPI.dll
0x000007fefbf00000 - 0x000007fefbf0c000 	C:\Windows\system32\VERSION.dll
0x000007fefa420000 - 0x000007fefa439000 	C:\Program Files\Java\jdk-15.0.1\bin\VCRUNTIME140.dll
0x000007fefa330000 - 0x000007fefa334000 	C:\Program Files\Java\jdk-15.0.1\bin\api-ms-win-crt-runtime-l1-1-0.dll
0x000007feef0d0000 - 0x000007feef1ca000 	C:\Program Files\Java\jdk-15.0.1\bin\ucrtbase.DLL
0x000007fefa320000 - 0x000007fefa323000 	C:\Program Files\Java\jdk-15.0.1\bin\api-ms-win-core-localization-l1-2-0.dll
0x000007fefa270000 - 0x000007fefa273000 	C:\Program Files\Java\jdk-15.0.1\bin\api-ms-win-core-processthreads-l1-1-1.dll
0x000007fefa200000 - 0x000007fefa203000 	C:\Program Files\Java\jdk-15.0.1\bin\api-ms-win-core-file-l1-2-0.dll
0x000007fefa1b0000 - 0x000007fefa1b3000 	C:\Program Files\Java\jdk-15.0.1\bin\api-ms-win-core-timezone-l1-1-0.dll
0x000007fef99c0000 - 0x000007fef99c3000 	C:\Program Files\Java\jdk-15.0.1\bin\api-ms-win-core-file-l2-1-0.dll
0x000007fef0b00000 - 0x000007fef0b03000 	C:\Program Files\Java\jdk-15.0.1\bin\api-ms-win-core-synch-l1-2-0.dll
0x000007fef0af0000 - 0x000007fef0af3000 	C:\Program Files\Java\jdk-15.0.1\bin\api-ms-win-crt-heap-l1-1-0.dll
0x000007fef0ab0000 - 0x000007fef0ab4000 	C:\Program Files\Java\jdk-15.0.1\bin\api-ms-win-crt-string-l1-1-0.dll
0x000007fef0aa0000 - 0x000007fef0aa4000 	C:\Program Files\Java\jdk-15.0.1\bin\api-ms-win-crt-stdio-l1-1-0.dll
0x000007fef0a90000 - 0x000007fef0a94000 	C:\Program Files\Java\jdk-15.0.1\bin\api-ms-win-crt-convert-l1-1-0.dll
0x000007fef0a80000 - 0x000007fef0a83000 	C:\Program Files\Java\jdk-15.0.1\bin\api-ms-win-crt-environment-l1-1-0.dll
0x000007fef0a70000 - 0x000007fef0a73000 	C:\Program Files\Java\jdk-15.0.1\bin\api-ms-win-crt-filesystem-l1-1-0.dll
0x000007feef040000 - 0x000007feef045000 	C:\Program Files\Java\jdk-15.0.1\bin\api-ms-win-crt-math-l1-1-0.dll
0x000007feef030000 - 0x000007feef033000 	C:\Program Files\Java\jdk-15.0.1\bin\api-ms-win-crt-locale-l1-1-0.dll
0x000007fefee00000 - 0x000007fefee2e000 	C:\Windows\system32\IMM32.DLL
0x000007fefe6f0000 - 0x000007fefe7fb000 	C:\Windows\system32\MSCTF.dll
0x000007feeed00000 - 0x000007feeed0c000 	C:\Program Files\Java\jdk-15.0.1\bin\vcruntime140_1.dll
0x000007feedcb0000 - 0x000007feedd41000 	C:\Program Files\Java\jdk-15.0.1\bin\msvcp140.dll
0x000007feecdc0000 - 0x000007feecdc3000 	C:\Program Files\Java\jdk-15.0.1\bin\api-ms-win-crt-time-l1-1-0.dll
0x000007feeecf0000 - 0x000007feeecf3000 	C:\Program Files\Java\jdk-15.0.1\bin\api-ms-win-crt-utility-l1-1-0.dll
0x000007feee030000 - 0x000007feeeb8e000 	C:\Program Files\Java\jdk-15.0.1\bin\server\jvm.dll
0x000007fef3060000 - 0x000007fef3069000 	C:\Windows\system32\WSOCK32.dll
0x000007fefd440000 - 0x000007fefd48d000 	C:\Windows\system32\WS2_32.dll
0x000007fefd3b0000 - 0x000007fefd3b8000 	C:\Windows\system32\NSI.dll
0x000007fefadf0000 - 0x000007fefae2b000 	C:\Windows\system32\WINMM.dll
0x0000000077480000 - 0x0000000077487000 	C:\Windows\system32\PSAPI.DLL
0x000007feec910000 - 0x000007feec91a000 	C:\Program Files\Java\jdk-15.0.1\bin\jimage.dll
0x000007fef0620000 - 0x000007fef0745000 	C:\Windows\system32\DBGHELP.DLL
0x000007feeb4f0000 - 0x000007feeb515000 	C:\Program Files\Java\jdk-15.0.1\bin\java.dll
0x000007fefd940000 - 0x000007fefe6cb000 	C:\Windows\system32\SHELL32.dll
0x000007feff360000 - 0x000007feff55f000 	C:\Windows\system32\ole32.dll
0x000007fefce30000 - 0x000007fefce3f000 	C:\Windows\system32\profapi.dll
0x000007feeb1d0000 - 0x000007feeb1e9000 	C:\Program Files\Java\jdk-15.0.1\bin\net.dll
0x000007fef8d70000 - 0x000007fef8de1000 	C:\Windows\system32\WINHTTP.dll
0x000007fef9480000 - 0x000007fef94e5000 	C:\Windows\system32\webio.dll
0x000007fefc560000 - 0x000007fefc5b5000 	C:\Windows\system32\mswsock.dll
0x000007fefc550000 - 0x000007fefc557000 	C:\Windows\System32\wship6.dll
0x000007feeb1b0000 - 0x000007feeb1c2000 	C:\Program Files\Java\jdk-15.0.1\bin\nio.dll
0x000007feeb190000 - 0x000007feeb1a8000 	C:\Program Files\Java\jdk-15.0.1\bin\zip.dll
0x000007fefbfd0000 - 0x000007fefbfd7000 	C:\Windows\System32\wshtcpip.dll
0x000007fefc3e0000 - 0x000007fefc43b000 	C:\Windows\system32\DNSAPI.dll
0x000007fefa8c0000 - 0x000007fefa8e7000 	C:\Windows\system32\IPHLPAPI.DLL
0x000007fefa8b0000 - 0x000007fefa8bb000 	C:\Windows\system32\WINNSI.DLL
0x000007fef3670000 - 0x000007fef3678000 	C:\Windows\system32\rasadhlp.dll
0x000007fefa770000 - 0x000007fefa7c3000 	C:\Windows\System32\fwpuclnt.dll
0x000007feeb010000 - 0x000007feeb020000 	C:\Program Files\Java\jdk-15.0.1\bin\verify.dll
0x000007fefc5c0000 - 0x000007fefc5d8000 	C:\Windows\system32\CRYPTSP.dll
0x000007fefc2c0000 - 0x000007fefc307000 	C:\Windows\system32\rsaenh.dll
0x000007fefcea0000 - 0x000007fefcebf000 	C:\Windows\system32\USERENV.dll
0x000007fefccc0000 - 0x000007fefcccf000 	C:\Windows\system32\CRYPTBASE.dll
0x000007fefa6b0000 - 0x000007fefa6c8000 	C:\Windows\system32\dhcpcsvc.DLL
0x000007fefa590000 - 0x000007fefa5a1000 	C:\Windows\system32\dhcpcsvc6.DLL
0x000007fef1090000 - 0x000007fef109d000 	C:\Program Files\Java\jdk-15.0.1\bin\sunmscapi.dll
0x000007fefcfb0000 - 0x000007fefd11d000 	C:\Windows\system32\CRYPT32.dll
0x000007fefce20000 - 0x000007fefce2f000 	C:\Windows\system32\MSASN1.dll
0x000007fefc7d0000 - 0x000007fefc820000 	C:\Windows\system32\ncrypt.dll
0x000007fefc7a0000 - 0x000007fefc7c2000 	C:\Windows\system32\bcrypt.dll
0x000007fefcc60000 - 0x000007fefccb7000 	C:\Windows\system32\apphelp.dll
0x000007fefac00000 - 0x000007fefac15000 	C:\Windows\system32\NLAapi.dll
0x000007fef2d70000 - 0x000007fef2d85000 	C:\Windows\system32\napinsp.dll
0x000007fef2610000 - 0x000007fef2629000 	C:\Windows\system32\pnrpnsp.dll
0x000007fef25f0000 - 0x000007fef25fb000 	C:\Windows\System32\winrnr.dll

dbghelp: loaded successfully - version: 4.0.5 - missing functions: none
symbol engine: initialized successfully - sym options: 0x614 - pdb path: .;C:\Program Files\Java\jdk-15.0.1\bin;C:\Windows\SYSTEM32;C:\Windows\WinSxS\amd64_microsoft.windows.common-controls_6595b64144ccf1df_6.0.7601.24483_none_e372d88f30fbb845;C:\Program Files\Java\jdk-15.0.1\bin\server

VM Arguments:
jvm_args: -ea -Dtestng.dtd.http=true -Dfile.encoding=Cp1252 -XX:+ShowCodeDetailsInExceptionMessages 
java_command: org.testng.remote.RemoteTestNG -serport 50785 -protocol json -d H:\SELENIUM_WORK\NaveenAutomations\AutomationLearning\JavaSeleniumProgramsForAutomation\test-output H:\SELENIUM_WORK\NaveenAutomations\AutomationLearning\JavaSeleniumProgramsForAutomation\testng.xml
java_class_path (initial): H:\SELENIUM_WORK\EclipseN\Auto2020\eclipse\configuration\org.eclipse.osgi\866\0\.cp\lib\testng-remote.jar;H:\SELENIUM_WORK\NaveenAutomations\AutomationLearning\JavaSeleniumProgramsForAutomation\target\test-classes;H:\SELENIUM_WORK\NaveenAutomations\AutomationLearning\JavaSeleniumProgramsForAutomation\target\classes;C:\Users\Shraddhya\.m2\repository\org\seleniumhq\selenium\selenium-java\3.141.59\selenium-java-3.141.59.jar;C:\Users\Shraddhya\.m2\repository\org\seleniumhq\selenium\selenium-api\3.141.59\selenium-api-3.141.59.jar;C:\Users\Shraddhya\.m2\repository\org\seleniumhq\selenium\selenium-chrome-driver\3.141.59\selenium-chrome-driver-3.141.59.jar;C:\Users\Shraddhya\.m2\repository\org\seleniumhq\selenium\selenium-edge-driver\3.141.59\selenium-edge-driver-3.141.59.jar;C:\Users\Shraddhya\.m2\repository\org\seleniumhq\selenium\selenium-firefox-driver\3.141.59\selenium-firefox-driver-3.141.59.jar;C:\Users\Shraddhya\.m2\repository\org\seleniumhq\selenium\selenium-ie-driver\3.141.59\selenium-ie-driver-3.141.59.jar;C:\Users\Shraddhya\.m2\repository\org\seleniumhq\selenium\selenium-opera-driver\3.141.59\selenium-opera-driver-3.141.59.jar;C:\Users\Shraddhya\.m2\repository\org\seleniumhq\selenium\selenium-remote-driver\3.141.59\selenium-remote-driver-3.141.59.jar;C:\Users\Shraddhya\.m2\repository\org\seleniumhq\selenium\selenium-safari-driver\3.141.59\selenium-safari-driver-3.141.59.jar;C:\Users\Shraddhya\.m2\repository\org\seleniumhq\selenium\selenium-support\3.141.59\selenium-support-3.141.59.jar;C:\Users\Shraddhya\.m2\repository\net\bytebuddy\byte-buddy\1.8.15\byte-buddy-1.8.15.jar;C:\Users\Shraddhya\.m2\repository\org\apache\commons\commons-exec\1.3\commons-exec-1.3.jar;C:\Users\Shraddhya\.m2\repository\com\google\guava\guava\25.0-jre\guava-25.0-jre.jar;C:\Users\Shraddhya\.m2\repository\com\google\code\findbugs\jsr305\1.3.9\jsr305-1.3.9.jar;C:\Users\Shraddhya\.m2\repository\org\checkerframework\checker-compat-qual\2.0.0\checker-compat-qual-2.
Launcher Type: SUN_STANDARD

[Global flags]
     intx CICompilerCount                          = 3                                         {product} {ergonomic}
     uint ConcGCThreads                            = 1                                         {product} {ergonomic}
     uint G1ConcRefinementThreads                  = 4                                         {product} {ergonomic}
   size_t G1HeapRegionSize                         = 1048576                                   {product} {ergonomic}
    uintx GCDrainStackTargetSize                   = 64                                        {product} {ergonomic}
   size_t InitialHeapSize                          = 67108864                                  {product} {ergonomic}
   size_t MarkStackSize                            = 4194304                                   {product} {ergonomic}
   size_t MaxHeapSize                              = 1061158912                                {product} {ergonomic}
   size_t MaxNewSize                               = 636485632                                 {product} {ergonomic}
   size_t MinHeapDeltaBytes                        = 1048576                                   {product} {ergonomic}
   size_t MinHeapSize                              = 8388608                                   {product} {ergonomic}
    uintx NonNMethodCodeHeapSize                   = 5832780                                {pd product} {ergonomic}
    uintx NonProfiledCodeHeapSize                  = 122912730                              {pd product} {ergonomic}
    uintx ProfiledCodeHeapSize                     = 122912730                              {pd product} {ergonomic}
    uintx ReservedCodeCacheSize                    = 251658240                              {pd product} {ergonomic}
     bool SegmentedCodeCache                       = true                                      {product} {ergonomic}
     bool ShowCodeDetailsInExceptionMessages       = true                                   {manageable} {command line}
   size_t SoftMaxHeapSize                          = 1061158912                             {manageable} {ergonomic}
     bool UseCompressedClassPointers               = true                                 {lp64_product} {ergonomic}
     bool UseCompressedOops                        = true                                 {lp64_product} {ergonomic}
     bool UseG1GC                                  = true                                      {product} {ergonomic}
     bool UseLargePagesIndividualAllocation        = false                                  {pd product} {ergonomic}

Logging:
Log output configuration:
 #0: stdout all=warning uptime,level,tags
 #1: stderr all=off uptime,level,tags

Environment Variables:
JAVA_HOME=C:\Program Files\Java\jdk-15.0.1
PATH=C:\Program Files\Common Files\Oracle\Java\javapath;C:\Program Files\Java\jdk1.8.0_241\bin;C:\Program Files\Java\jdk1.8.0_241\lib;C:\Program Files\Java\jdk-15.0.1\bin;C:\Program Files\nodejs\;C:\Users\Shraddhya\AppData\Roaming\npm\;C:\Program Files\Git\cmd;H:\SELENIUM_WORK\Prerequisites\apache-maven-3.8.4\bin;c:\windows\system32;C:\Users\Shraddhya\AppData\Local\Programs\Microsoft VS Code\bin;C:\Users\Shraddhya\AppData\Roaming\npm;C:\Program Files\Git\;H:\SELENIUM_WORK\Prerequisites\apache-maven-3.8.4\bin;C:\Program Files\JetBrains\IntelliJ IDEA Community Edition 2021.3.1\bin;;H:\SELENIUM_WORK\Prerequisites\gradle-7.4\bin
USERNAME=Shraddhya
OS=Windows_NT
PROCESSOR_IDENTIFIER=Intel64 Family 6 Model 42 Stepping 7, GenuineIntel



---------------  S Y S T E M  ---------------

OS:
 Windows 7 , 64 bit Build 7601 (6.1.7601.24545)
OS uptime: 0 days 2:19 hours

CPU: total 4 (initial active 4) (2 cores per cpu, 2 threads per core) family 6 model 42 stepping 7 microcode 0x0, cmov, cx8, fxsr, mmx, sse, sse2, sse3, ssse3, sse4.1, sse4.2, popcnt, vzeroupper, avx, clmul, ht, tsc, tscinvbit, clflush

Memory: 4k page, system-wide physical 4043M (707M free)
TotalPageFile size 12242M (AvailPageFile size 1330M)
current process WorkingSet (physical memory assigned to process): 126M, peak: 126M
current process commit charge ("private bytes"): 191M, peak: 191M

vm_info: Java HotSpot(TM) 64-Bit Server VM (15.0.1+9-18) for windows-amd64 JRE (15.0.1+9-18), built on Sep 15 2020 14:43:54 by "mach5one" with unknown MS VC++:1925

END.
